<?xml version="1.0" encoding="UTF-8" ?>
<testsuite failures="0" time="0" errors="0" skipped="0" tests="1" name="sendmail.AppTest">
  <properties>
    <property name="java.runtime.name" value="Java(TM) SE Runtime Environment"/>
    <property name="sun.boot.library.path" value="D:\programfiles\Java\jdk1.6.0_16\jre\bin"/>
    <property name="java.vm.version" value="14.2-b01"/>
    <property name="java.vm.vendor" value="Sun Microsystems Inc."/>
    <property name="java.vendor.url" value="http://java.sun.com/"/>
    <property name="path.separator" value=";"/>
    <property name="java.vm.name" value="Java HotSpot(TM) Client VM"/>
    <property name="file.encoding.pkg" value="sun.io"/>
    <property name="user.country" value="CN"/>
    <property name="sun.java.launcher" value="SUN_STANDARD"/>
    <property name="sun.os.patch.level" value="Service Pack 3"/>
    <property name="java.vm.specification.name" value="Java Virtual Machine Specification"/>
    <property name="user.dir" value="D:\Mydocuments\GitHub\studydemo\projects\wayaya@sourceforge\trunk\studydemo\sendmail"/>
    <property name="java.runtime.version" value="1.6.0_16-b01"/>
    <property name="java.awt.graphicsenv" value="sun.awt.Win32GraphicsEnvironment"/>
    <property name="basedir" value="D:\Mydocuments\GitHub\studydemo\projects\wayaya@sourceforge\trunk\studydemo\sendmail"/>
    <property name="java.endorsed.dirs" value="D:\programfiles\Java\jdk1.6.0_16\jre\lib\endorsed"/>
    <property name="os.arch" value="x86"/>
    <property name="surefire.real.class.path" value="D:\Mydocuments\GitHub\studydemo\projects\wayaya@sourceforge\trunk\studydemo\sendmail\target\surefire\surefirebooter7724828214925453475.jar"/>
    <property name="java.io.tmpdir" value="C:\DOCUME~1\wayaya\LOCALS~1\Temp\"/>
    <property name="line.separator" value="
"/>
    <property name="java.vm.specification.vendor" value="Sun Microsystems Inc."/>
    <property name="user.variant" value=""/>
    <property name="os.name" value="Windows XP"/>
    <property name="sun.jnu.encoding" value="GBK"/>
    <property name="java.library.path" value="D:\programfiles\Java\jdk1.6.0_16\jre\bin;.;C:\WINDOWS\Sun\Java\bin;C:\WINDOWS\system32;C:\WINDOWS;C:\WINDOWS\system32;C:\WINDOWS;C:\WINDOWS\System32\Wbem;D:\Program Files\TortoiseSVN\bin;D:\Mydocuments\wayaya\Local Settings\Application Data\Kingsoft\WPS Office\8.1.0.3656\office6;D:\programfiles\Java\jdk1.6.0_16\bin\;D:\programfiles\SlikSvn\bin\;D:\programfiles\maven-3.0.3\bin\"/>
    <property name="surefire.test.class.path" value="D:\Mydocuments\GitHub\studydemo\projects\wayaya@sourceforge\trunk\studydemo\sendmail\target\test-classes;D:\Mydocuments\GitHub\studydemo\projects\wayaya@sourceforge\trunk\studydemo\sendmail\target\classes;D:\programfiles\.m3\repository\com\sun\mail\dsn\1.4.5\dsn-1.4.5.jar;D:\programfiles\.m3\repository\com\sun\mail\smtp\1.4.5\smtp-1.4.5.jar;D:\programfiles\.m3\repository\com\sun\mail\pop3\1.4.5\pop3-1.4.5.jar;D:\programfiles\.m3\repository\com\sun\mail\imap\1.4.5\imap-1.4.5.jar;D:\programfiles\.m3\repository\com\sun\mail\mailapi\1.4.5\mailapi-1.4.5.jar;D:\programfiles\.m3\repository\com\sun\mail\javax.mail\1.4.5\javax.mail-1.4.5.jar;D:\programfiles\.m3\repository\javax\activation\activation\1.1.1\activation-1.1.1.jar;D:\programfiles\.m3\repository\junit\junit\3.8.1\junit-3.8.1.jar;"/>
    <property name="java.specification.name" value="Java Platform API Specification"/>
    <property name="java.class.version" value="50.0"/>
    <property name="sun.management.compiler" value="HotSpot Client Compiler"/>
    <property name="os.version" value="5.1"/>
    <property name="user.home" value="D:\Mydocuments\wayaya"/>
    <property name="user.timezone" value=""/>
    <property name="java.awt.printerjob" value="sun.awt.windows.WPrinterJob"/>
    <property name="java.specification.version" value="1.6"/>
    <property name="file.encoding" value="GBK"/>
    <property name="user.name" value="wayaya"/>
    <property name="java.class.path" value="D:\Mydocuments\GitHub\studydemo\projects\wayaya@sourceforge\trunk\studydemo\sendmail\target\test-classes;D:\Mydocuments\GitHub\studydemo\projects\wayaya@sourceforge\trunk\studydemo\sendmail\target\classes;D:\programfiles\.m3\repository\com\sun\mail\dsn\1.4.5\dsn-1.4.5.jar;D:\programfiles\.m3\repository\com\sun\mail\smtp\1.4.5\smtp-1.4.5.jar;D:\programfiles\.m3\repository\com\sun\mail\pop3\1.4.5\pop3-1.4.5.jar;D:\programfiles\.m3\repository\com\sun\mail\imap\1.4.5\imap-1.4.5.jar;D:\programfiles\.m3\repository\com\sun\mail\mailapi\1.4.5\mailapi-1.4.5.jar;D:\programfiles\.m3\repository\com\sun\mail\javax.mail\1.4.5\javax.mail-1.4.5.jar;D:\programfiles\.m3\repository\javax\activation\activation\1.1.1\activation-1.1.1.jar;D:\programfiles\.m3\repository\junit\junit\3.8.1\junit-3.8.1.jar;"/>
    <property name="java.vm.specification.version" value="1.0"/>
    <property name="sun.arch.data.model" value="32"/>
    <property name="java.home" value="D:\programfiles\Java\jdk1.6.0_16\jre"/>
    <property name="java.specification.vendor" value="Sun Microsystems Inc."/>
    <property name="user.language" value="zh"/>
    <property name="awt.toolkit" value="sun.awt.windows.WToolkit"/>
    <property name="java.vm.info" value="mixed mode, sharing"/>
    <property name="java.version" value="1.6.0_16"/>
    <property name="java.ext.dirs" value="D:\programfiles\Java\jdk1.6.0_16\jre\lib\ext;C:\WINDOWS\Sun\Java\lib\ext"/>
    <property name="sun.boot.class.path" value="D:\programfiles\Java\jdk1.6.0_16\jre\lib\resources.jar;D:\programfiles\Java\jdk1.6.0_16\jre\lib\rt.jar;D:\programfiles\Java\jdk1.6.0_16\jre\lib\sunrsasign.jar;D:\programfiles\Java\jdk1.6.0_16\jre\lib\jsse.jar;D:\programfiles\Java\jdk1.6.0_16\jre\lib\jce.jar;D:\programfiles\Java\jdk1.6.0_16\jre\lib\charsets.jar;D:\programfiles\Java\jdk1.6.0_16\jre\classes"/>
    <property name="java.vendor" value="Sun Microsystems Inc."/>
    <property name="localRepository" value="D:\programfiles\.m3\repository"/>
    <property name="file.separator" value="\"/>
    <property name="java.vendor.url.bug" value="http://java.sun.com/cgi-bin/bugreport.cgi"/>
    <property name="sun.cpu.endian" value="little"/>
    <property name="sun.io.unicode.encoding" value="UnicodeLittle"/>
    <property name="sun.desktop" value="windows"/>
    <property name="sun.cpu.isalist" value="pentium_pro+mmx pentium_pro pentium+mmx pentium i486 i386 i86"/>
  </properties>
  <testcase time="0" classname="sendmail.AppTest" name="testApp"/>
</testsuite>